# JRE version: OpenJDK Runtime Environment (11.0.8+10) (build 11.0.8+10-b944.6842174)
# Java VM: OpenJDK 64-Bit Server VM (11.0.8+10-b944.6842174, mixed mode, tiered, compressed oops, g1 gc, windows-amd64)
Heap:
 garbage-first heap   total 606208K, used 147000K [0x00000000a0000000, 0x0000000100000000)
  region size 1024K, 3 young (3072K), 3 survivors (3072K)
 Metaspace       used 136774K, capacity 140307K, committed 140544K, reserved 1171456K
  class space    used 16316K, capacity 17504K, committed 17664K, reserved 1048576K
GC Heap History (20 events):
Event: 239.592 GC heap after
{Heap after GC invocations=120 (full 0):
 garbage-first heap   total 233472K, used 128899K [0x00000000a0000000, 0x0000000100000000)
  region size 1024K, 4 young (4096K), 4 survivors (4096K)
 Metaspace       used 136697K, capacity 140326K, committed 140544K, reserved 1171456K
  class space    used 16339K, capacity 17547K, committed 17664K, reserved 1048576K
}
Event: 239.854 GC heap before
{Heap before GC invocations=120 (full 0):
 garbage-first heap   total 233472K, used 200579K [0x00000000a0000000, 0x0000000100000000)
  region size 1024K, 74 young (75776K), 4 survivors (4096K)
 Metaspace       used 136722K, capacity 140328K, committed 140544K, reserved 1171456K
  class space    used 16339K, capacity 17547K, committed 17664K, reserved 1048576K
}
Event: 239.861 GC heap after
{Heap after GC invocations=121 (full 0):
 garbage-first heap   total 233472K, used 128868K [0x00000000a0000000, 0x0000000100000000)
  region size 1024K, 4 young (4096K), 4 survivors (4096K)
 Metaspace       used 136722K, capacity 140328K, committed 140544K, reserved 1171456K
  class space    used 16339K, capacity 17547K, committed 17664K, reserved 1048576K
}
Event: 240.113 GC heap before
{Heap before GC invocations=121 (full 0):
 garbage-first heap   total 233472K, used 200548K [0x00000000a0000000, 0x0000000100000000)
  region size 1024K, 74 young (75776K), 4 survivors (4096K)
 Metaspace       used 136728K, capacity 140329K, committed 140544K, reserved 1171456K
  class space    used 16339K, capacity 17547K, committed 17664K, reserved 1048576K
}
Event: 240.121 GC heap after
{Heap after GC invocations=122 (full 0):
 garbage-first heap   total 233472K, used 129439K [0x00000000a0000000, 0x0000000100000000)
  region size 1024K, 4 young (4096K), 4 survivors (4096K)
 Metaspace       used 136728K, capacity 140329K, committed 140544K, reserved 1171456K
  class space    used 16339K, capacity 17547K, committed 17664K, reserved 1048576K
}
Event: 240.354 GC heap before
{Heap before GC invocations=122 (full 0):
 garbage-first heap   total 233472K, used 206239K [0x00000000a0000000, 0x0000000100000000)
  region size 1024K, 79 young (80896K), 4 survivors (4096K)
 Metaspace       used 136749K, capacity 140334K, committed 140544K, reserved 1171456K
  class space    used 16339K, capacity 17547K, committed 17664K, reserved 1048576K
}
Event: 240.363 GC heap after
{Heap after GC invocations=123 (full 0):
 garbage-first heap   total 233472K, used 133536K [0x00000000a0000000, 0x0000000100000000)
  region size 1024K, 8 young (8192K), 8 survivors (8192K)
 Metaspace       used 136749K, capacity 140334K, committed 140544K, reserved 1171456K
  class space    used 16339K, capacity 17547K, committed 17664K, reserved 1048576K
}
Event: 240.538 GC heap before
{Heap before GC invocations=123 (full 0):
 garbage-first heap   total 233472K, used 198048K [0x00000000a0000000, 0x0000000100000000)
  region size 1024K, 72 young (73728K), 8 survivors (8192K)
 Metaspace       used 136764K, capacity 140401K, committed 140544K, reserved 1171456K
  class space    used 16339K, capacity 17547K, committed 17664K, reserved 1048576K
}
Event: 240.565 GC heap after
{Heap after GC invocations=124 (full 0):
 garbage-first heap   total 233472K, used 138207K [0x00000000a0000000, 0x0000000100000000)
  region size 1024K, 7 young (7168K), 7 survivors (7168K)
 Metaspace       used 136764K, capacity 140401K, committed 140544K, reserved 1171456K
  class space    used 16339K, capacity 17547K, committed 17664K, reserved 1048576K
}
Event: 240.737 GC heap before
{Heap before GC invocations=124 (full 0):
 garbage-first heap   total 233472K, used 186335K [0x00000000a0000000, 0x0000000100000000)
  region size 1024K, 55 young (56320K), 7 survivors (7168K)
 Metaspace       used 136769K, capacity 140402K, committed 140544K, reserved 1171456K
  class space    used 16339K, capacity 17547K, committed 17664K, reserved 1048576K
}
Event: 240.765 GC heap after
{Heap after GC invocations=125 (full 0):
 garbage-first heap   total 233472K, used 141906K [0x00000000a0000000, 0x0000000100000000)
  region size 1024K, 6 young (6144K), 6 survivors (6144K)
 Metaspace       used 136769K, capacity 140402K, committed 140544K, reserved 1171456K
  class space    used 16339K, capacity 17547K, committed 17664K, reserved 1048576K
}
Event: 240.994 GC heap before
{Heap before GC invocations=125 (full 0):
 garbage-first heap   total 233472K, used 195154K [0x00000000a0000000, 0x0000000100000000)
  region size 1024K, 58 young (59392K), 6 survivors (6144K)
 Metaspace       used 136779K, capacity 140403K, committed 140544K, reserved 1171456K
  class space    used 16339K, capacity 17547K, committed 17664K, reserved 1048576K
}
Event: 241.076 GC heap after
{Heap after GC invocations=126 (full 0):
 garbage-first heap   total 364544K, used 147456K [0x00000000a0000000, 0x0000000100000000)
  region size 1024K, 6 young (6144K), 6 survivors (6144K)
 Metaspace       used 136779K, capacity 140403K, committed 140544K, reserved 1171456K
  class space    used 16339K, capacity 17547K, committed 17664K, reserved 1048576K
}
Event: 243.868 GC heap before
{Heap before GC invocations=126 (full 0):
 garbage-first heap   total 364544K, used 268288K [0x00000000a0000000, 0x0000000100000000)
  region size 1024K, 128 young (131072K), 6 survivors (6144K)
 Metaspace       used 136719K, capacity 140278K, committed 140544K, reserved 1171456K
  class space    used 16316K, capacity 17504K, committed 17664K, reserved 1048576K
}
Event: 243.930 GC heap after
{Heap after GC invocations=127 (full 0):
 garbage-first heap   total 364544K, used 145045K [0x00000000a0000000, 0x0000000100000000)
  region size 1024K, 8 young (8192K), 8 survivors (8192K)
 Metaspace       used 136719K, capacity 140278K, committed 140544K, reserved 1171456K
  class space    used 16316K, capacity 17504K, committed 17664K, reserved 1048576K
}
Event: 245.150 GC heap before
{Heap before GC invocations=128 (full 0):
 garbage-first heap   total 364544K, used 276117K [0x00000000a0000000, 0x0000000100000000)
  region size 1024K, 137 young (140288K), 8 survivors (8192K)
 Metaspace       used 136719K, capacity 140278K, committed 140544K, reserved 1171456K
  class space    used 16316K, capacity 17504K, committed 17664K, reserved 1048576K
}
Event: 245.176 GC heap after
{Heap after GC invocations=129 (full 0):
 garbage-first heap   total 364544K, used 148330K [0x00000000a0000000, 0x0000000100000000)
  region size 1024K, 11 young (11264K), 11 survivors (11264K)
 Metaspace       used 136719K, capacity 140278K, committed 140544K, reserved 1171456K
  class space    used 16316K, capacity 17504K, committed 17664K, reserved 1048576K
}
Event: 245.211 GC heap before
{Heap before GC invocations=129 (full 0):
 garbage-first heap   total 364544K, used 154474K [0x00000000a0000000, 0x0000000100000000)
  region size 1024K, 17 young (17408K), 11 survivors (11264K)
 Metaspace       used 136719K, capacity 140278K, committed 140544K, reserved 1171456K
  class space    used 16316K, capacity 17504K, committed 17664K, reserved 1048576K
}
Event: 245.272 GC heap after
{Heap after GC invocations=130 (full 0):
 garbage-first heap   total 364544K, used 145508K [0x00000000a0000000, 0x0000000100000000)
  region size 1024K, 2 young (2048K), 2 survivors (2048K)
 Metaspace       used 136719K, capacity 140278K, committed 140544K, reserved 1171456K
  class space    used 16316K, capacity 17504K, committed 17664K, reserved 1048576K
}
Event: 245.790 GC heap before
{Heap before GC invocations=130 (full 0):
 garbage-first heap   total 364544K, used 293988K [0x00000000a0000000, 0x0000000100000000)
  region size 1024K, 147 young (150528K), 2 survivors (2048K)
 Metaspace       used 136774K, capacity 140307K, committed 140544K, reserved 1171456K
  class space    used 16316K, capacity 17504K, committed 17664K, reserved 1048576K
}

